<?xml version="1.0" encoding="UTF-8"?>
<testsuite xmlns:xsi="http://www.w3.org/2001/XMLSchema-instance" xsi:noNamespaceSchemaLocation="https://maven.apache.org/surefire/maven-surefire-plugin/xsd/surefire-test-report-3.0.xsd" version="3.0" name="io.FileIOTest" time="0.145" tests="4" errors="0" skipped="0" failures="0">
  <properties>
[...]
</properties>
  <testcase name="testReadFileValidInput" classname="io.FileIOTest" time="0.083"/>
  <testcase name="testReadFileFileDoesNotExist" classname="io.FileIOTest" time="0.0"/>
  <testcase name="testReadFileInvalidInput" classname="io.FileIOTest" time="0.003"/>
  <testcase name="testReadFileEmptyFile" classname="io.FileIOTest" time="0.0"/>
</testsuite>